<?xml version="1.0" encoding="UTF-8"?>
<!-- Generated by org.testng.reporters.JUnitXMLReporter -->
<testsuite hostname="Achus_Machine" ignored="0" name="Chrome Test" tests="5" failures="0" timestamp="2021-10-26T15:18:33 IST" time="110.562" errors="0">
  <testcase name="verifyLoginpageTitle" time="0.263" classname="com.buffalocart.Test.LoginTest"/>
  <testcase name="verifyUserLoginWithValidUserCredentials" time="9.622" classname="com.buffalocart.Test.LoginTest"/>
  <testcase name="verifyUserLoginWithInvalidUserCredentials" time="2.381" classname="com.buffalocart.Test.LoginTest"/>
  <testcase name="verifyUserAbleToClickOnRememeberMeCheckbox" time="0.177" classname="com.buffalocart.Test.LoginTest"/>
  <testcase name="VerifyErrorMessageDisplyedOnResetpasswordWithInvalidEmailId" time="3.921" classname="com.buffalocart.Test.ResetTest"/>
</testsuite> <!-- Chrome Test -->
