<?xml version="1.0" encoding="UTF-8"?>
<!-- Generated by org.testng.reporters.JUnitXMLReporter -->
<testsuite hostname="Achus_Machine" ignored="0" name="Edge Test" tests="5" failures="0" timestamp="2021-10-26T15:19:57 IST" time="83.384" errors="0">
  <testcase name="verifyLoginpageTitle" time="0.01" classname="com.buffalocart.Test.LoginTest"/>
  <testcase name="verifyUserLoginWithValidUserCredentials" time="5.374" classname="com.buffalocart.Test.LoginTest"/>
  <testcase name="verifyUserLoginWithInvalidUserCredentials" time="2.258" classname="com.buffalocart.Test.LoginTest"/>
  <testcase name="verifyUserAbleToClickOnRememeberMeCheckbox" time="0.172" classname="com.buffalocart.Test.LoginTest"/>
  <testcase name="VerifyErrorMessageDisplyedOnResetpasswordWithInvalidEmailId" time="3.284" classname="com.buffalocart.Test.ResetTest"/>
</testsuite> <!-- Edge Test -->
