<?xml version="1.0" encoding="UTF-8"?>
<!-- Generated by org.testng.reporters.JUnitXMLReporter -->
<testsuite hostname="Achus_Machine" ignored="0" name="Test" tests="7" failures="0" timestamp="2021-10-06T00:20:53 IST" time="100.843" errors="0">
  <testcase name="verifyHomepageTitle" time="6.151" classname="com.buffalocart.Test.HomeTest"/>
  <testcase name="verifyUserNavigatingToLoginPageByClickingOnSignout" time="6.079" classname="com.buffalocart.Test.SignoutTest"/>
  <testcase name="verifyLoginpageTitle" time="0.012" classname="com.buffalocart.Test.LoginTest"/>
  <testcase name="verifyUserLoginWithValidUserCredentials" time="5.754" classname="com.buffalocart.Test.LoginTest"/>
  <testcase name="verifyUserLoginWithInvalidUserCredentials" time="1.779" classname="com.buffalocart.Test.LoginTest"/>
  <testcase name="verifyUserAbleToClickOnRememeberMeCheckbox" time="0.174" classname="com.buffalocart.Test.LoginTest"/>
  <testcase name="VerifyErrorMessageDisplyedOnResetpasswordWithInvalidEmailId" time="3.245" classname="com.buffalocart.Test.ResetTest"/>
</testsuite> <!-- Test -->
