<?xml version="1.0" encoding="UTF-8"?>
<!-- Generated by org.testng.reporters.JUnitXMLReporter -->
<testsuite hostname="Achus_Machine" ignored="4" name="Test" tests="2" failures="0" timestamp="2021-10-08T00:10:32 IST" time="44.364" errors="0">
  <testcase name="verifyUserManagementSubTabs" time="8.606" classname="com.buffalocart.Test.UserManagementTest"/>
  <testcase name="verifyUserspageTitle" time="9.166" classname="com.buffalocart.Test.UsersTest"/>
  <testcase name="@AfterTest endReport" time="0.0" classname="com.buffalocart.extentreport.ExtentReport">
    <ignored/>
  </testcase> <!-- @AfterTest endReport -->
  <testcase name="@AfterTest endReport" time="0.0" classname="com.buffalocart.extentreport.ExtentReport">
    <ignored/>
  </testcase> <!-- @AfterTest endReport -->
  <testcase name="@BeforeTest setExtentReport" time="0.0" classname="com.buffalocart.extentreport.ExtentReport">
    <ignored/>
  </testcase> <!-- @BeforeTest setExtentReport -->
  <testcase name="@BeforeTest setExtentReport" time="0.0" classname="com.buffalocart.extentreport.ExtentReport">
    <ignored/>
  </testcase> <!-- @BeforeTest setExtentReport -->
</testsuite> <!-- Test -->
