<?xml version="1.0" encoding="UTF-8"?>
<testng-results skipped="0" failed="0" ignored="0" total="4" passed="4">
  <reporter-output>
  </reporter-output>
  <suite name="Suite" duration-ms="98247" started-at="2021-10-15T21:47:45 IST" finished-at="2021-10-15T21:49:23 IST">
    <groups>
    </groups>
    <test name="Test" duration-ms="98247" started-at="2021-10-15T21:47:45 IST" finished-at="2021-10-15T21:49:23 IST">
      <class name="com.buffalocart.Test.LoginTest">
        <test-method status="PASS" signature="setUp(java.lang.String)[pri:0, instance:com.buffalocart.Test.LoginTest@262b2c86]" name="setUp" is-config="true" duration-ms="21273" started-at="2021-10-15T21:47:45 IST" finished-at="2021-10-15T21:48:06 IST">
          <params>
            <param index="0">
              <value>
                <![CDATA[chrome]]>
              </value>
            </param>
          </params>
          <reporter-output>
          </reporter-output>
        </test-method> <!-- setUp -->
        <test-method status="PASS" signature="verifyLoginpageTitle()[pri:1, instance:com.buffalocart.Test.LoginTest@262b2c86]" name="verifyLoginpageTitle" duration-ms="76" started-at="2021-10-15T21:48:06 IST" description="TC_001_Verify login page title" finished-at="2021-10-15T21:48:06 IST">
          <reporter-output>
          </reporter-output>
        </test-method> <!-- verifyLoginpageTitle -->
        <test-method status="PASS" signature="tearDown(org.testng.ITestResult)[pri:0, instance:com.buffalocart.Test.LoginTest@262b2c86]" name="tearDown" is-config="true" duration-ms="555" started-at="2021-10-15T21:48:06 IST" finished-at="2021-10-15T21:48:07 IST">
          <params>
            <param index="0">
              <value>
                <![CDATA[[TestResult name=verifyLoginpageTitle status=SUCCESS method=LoginTest.verifyLoginpageTitle()[pri:1, instance:com.buffalocart.Test.LoginTest@262b2c86] output={null}]]]>
              </value>
            </param>
          </params>
          <reporter-output>
          </reporter-output>
        </test-method> <!-- tearDown -->
        <test-method status="PASS" signature="setUp(java.lang.String)[pri:0, instance:com.buffalocart.Test.LoginTest@262b2c86]" name="setUp" is-config="true" duration-ms="19762" started-at="2021-10-15T21:48:07 IST" finished-at="2021-10-15T21:48:26 IST">
          <params>
            <param index="0">
              <value>
                <![CDATA[chrome]]>
              </value>
            </param>
          </params>
          <reporter-output>
          </reporter-output>
        </test-method> <!-- setUp -->
        <test-method status="PASS" signature="verifyUserLoginWithValidUserCredentials()[pri:2, instance:com.buffalocart.Test.LoginTest@262b2c86]" name="verifyUserLoginWithValidUserCredentials" duration-ms="9161" started-at="2021-10-15T21:48:26 IST" description="TC_002_Verify user login with valid user credentials" finished-at="2021-10-15T21:48:36 IST">
          <reporter-output>
          </reporter-output>
        </test-method> <!-- verifyUserLoginWithValidUserCredentials -->
        <test-method status="PASS" signature="tearDown(org.testng.ITestResult)[pri:0, instance:com.buffalocart.Test.LoginTest@262b2c86]" name="tearDown" is-config="true" duration-ms="182" started-at="2021-10-15T21:48:36 IST" finished-at="2021-10-15T21:48:36 IST">
          <params>
            <param index="0">
              <value>
                <![CDATA[[TestResult name=verifyUserLoginWithValidUserCredentials status=SUCCESS method=LoginTest.verifyUserLoginWithValidUserCredentials()[pri:2, instance:com.buffalocart.Test.LoginTest@262b2c86] output={null}]]]>
              </value>
            </param>
          </params>
          <reporter-output>
          </reporter-output>
        </test-method> <!-- tearDown -->
        <test-method status="PASS" signature="setUp(java.lang.String)[pri:0, instance:com.buffalocart.Test.LoginTest@262b2c86]" name="setUp" is-config="true" duration-ms="21411" started-at="2021-10-15T21:48:36 IST" finished-at="2021-10-15T21:48:57 IST">
          <params>
            <param index="0">
              <value>
                <![CDATA[chrome]]>
              </value>
            </param>
          </params>
          <reporter-output>
          </reporter-output>
        </test-method> <!-- setUp -->
        <test-method status="PASS" signature="verifyUserLoginWithInvalidUserCredentials()[pri:3, instance:com.buffalocart.Test.LoginTest@262b2c86]" name="verifyUserLoginWithInvalidUserCredentials" duration-ms="2456" started-at="2021-10-15T21:48:57 IST" description="TC_003_Verify the error message displayed for user login with invalid credentials" finished-at="2021-10-15T21:49:00 IST">
          <reporter-output>
          </reporter-output>
        </test-method> <!-- verifyUserLoginWithInvalidUserCredentials -->
        <test-method status="PASS" signature="tearDown(org.testng.ITestResult)[pri:0, instance:com.buffalocart.Test.LoginTest@262b2c86]" name="tearDown" is-config="true" duration-ms="926" started-at="2021-10-15T21:49:00 IST" finished-at="2021-10-15T21:49:00 IST">
          <params>
            <param index="0">
              <value>
                <![CDATA[[TestResult name=verifyUserLoginWithInvalidUserCredentials status=SUCCESS method=LoginTest.verifyUserLoginWithInvalidUserCredentials()[pri:3, instance:com.buffalocart.Test.LoginTest@262b2c86] output={null}]]]>
              </value>
            </param>
          </params>
          <reporter-output>
          </reporter-output>
        </test-method> <!-- tearDown -->
        <test-method status="PASS" signature="setUp(java.lang.String)[pri:0, instance:com.buffalocart.Test.LoginTest@262b2c86]" name="setUp" is-config="true" duration-ms="21557" started-at="2021-10-15T21:49:00 IST" finished-at="2021-10-15T21:49:22 IST">
          <params>
            <param index="0">
              <value>
                <![CDATA[chrome]]>
              </value>
            </param>
          </params>
          <reporter-output>
          </reporter-output>
        </test-method> <!-- setUp -->
        <test-method status="PASS" signature="verifyUserAbleToClickOnRememeberMeCheckbox()[pri:4, instance:com.buffalocart.Test.LoginTest@262b2c86]" name="verifyUserAbleToClickOnRememeberMeCheckbox" duration-ms="200" started-at="2021-10-15T21:49:22 IST" description="TC_004_Verify User is able to click on rememeberme Checkbox" finished-at="2021-10-15T21:49:22 IST">
          <reporter-output>
          </reporter-output>
        </test-method> <!-- verifyUserAbleToClickOnRememeberMeCheckbox -->
        <test-method status="PASS" signature="tearDown(org.testng.ITestResult)[pri:0, instance:com.buffalocart.Test.LoginTest@262b2c86]" name="tearDown" is-config="true" duration-ms="592" started-at="2021-10-15T21:49:22 IST" finished-at="2021-10-15T21:49:23 IST">
          <params>
            <param index="0">
              <value>
                <![CDATA[[TestResult name=verifyUserAbleToClickOnRememeberMeCheckbox status=SUCCESS method=LoginTest.verifyUserAbleToClickOnRememeberMeCheckbox()[pri:4, instance:com.buffalocart.Test.LoginTest@262b2c86] output={null}]]]>
              </value>
            </param>
          </params>
          <reporter-output>
          </reporter-output>
        </test-method> <!-- tearDown -->
      </class> <!-- com.buffalocart.Test.LoginTest -->
    </test> <!-- Test -->
  </suite> <!-- Suite -->
</testng-results>
